The system is: Darwin - 22.3.0 - arm64
Compiling the C compiler identification source file "CMakeCCompilerId.c" succeeded.
Compiler: /opt/homebrew/Cellar/gcc/12.2.0/bin/gcc-12 
Build flags: 
Id flags: -c 

The output was:
0


Compilation of the C compiler identification source "CMakeCCompilerId.c" produced "CMakeCCompilerId.o"

The C compiler identification is GNU, found in "/Users/2398768715qq.com/Documents/GitHub/ITMO-PE/Algorithm&DataStructures/untitled/cmake-build-debug/CMakeFiles/3.25.2/CompilerIdC/CMakeCCompilerId.o"

Compiling the CXX compiler identification source file "CMakeCXXCompilerId.cpp" succeeded.
Compiler: /opt/homebrew/Cellar/gcc/12.2.0/bin/g++-12 
Build flags: 
Id flags: -c 

The output was:
0


Compilation of the CXX compiler identification source "CMakeCXXCompilerId.cpp" produced "CMakeCXXCompilerId.o"

The CXX compiler identification is GNU, found in "/Users/2398768715qq.com/Documents/GitHub/ITMO-PE/Algorithm&DataStructures/untitled/cmake-build-debug/CMakeFiles/3.25.2/CompilerIdCXX/CMakeCXXCompilerId.o"

Determining if the C compiler works passed with the following output:
Change Dir: /Users/2398768715qq.com/Documents/GitHub/ITMO-PE/Algorithm&DataStructures/untitled/cmake-build-debug/CMakeFiles/CMakeScratch/TryCompile-HZHyRW

Run Build Command(s):/opt/homebrew/Cellar/cmake/3.24.1/bin/ctest -f Makefile cmTC_1d9d5/fast && Test project /Users/2398768715qq.com/Documents/GitHub/ITMO-PE/Algorithm&DataStructures/untitled/cmake-build-debug/CMakeFiles/CMakeScratch/TryCompile-HZHyRW
No tests were found!!!



Determining if the C++ compiler works passed with the following output:
Change Dir: /Users/2398768715qq.com/Documents/GitHub/ITMO-PE/Algorithm&DataStructures/untitled/cmake-build-debug/CMakeFiles/CMakeScratch/TryCompile-TlpvsI

Run Build Command(s):/opt/homebrew/Cellar/cmake/3.24.1/bin/ctest -f Makefile cmTC_e141b/fast && Test project /Users/2398768715qq.com/Documents/GitHub/ITMO-PE/Algorithm&DataStructures/untitled/cmake-build-debug/CMakeFiles/CMakeScratch/TryCompile-TlpvsI
No tests were found!!!



